[21:47:28] [main/INFO] (FabricLoader/GameProvider) Loading Minecraft 1.17.1 with Fabric Loader 0.12.12
[21:47:28] [ForkJoinPool-1-worker-1/WARN] (FabricLoader/Metadata) "fabric.mod.json" from mod colourscroller did not have "schemaVersion" as first field.
[21:47:28] [main/INFO] (FabricLoader) Loading 52 mods:
	- colourscroller alpha
	- fabric 0.42.1+1.17
	- fabric-api-base 0.4.0+5847535018
	- fabric-api-lookup-api-v1 1.3.1+5847535018
	- fabric-biome-api-v1 3.2.2+5847535018
	- fabric-blockrenderlayer-v1 1.1.6+5847535018
	- fabric-command-api-v1 1.1.4+5847535018
	- fabric-commands-v0 0.2.3+5847535018
	- fabric-containers-v0 0.1.13+5847535018
	- fabric-content-registries-v0 0.3.1+5847535018
	- fabric-crash-report-info-v1 0.1.6+5847535018
	- fabric-dimensions-v1 2.0.13+5847535018
	- fabric-entity-events-v1 1.3.1+5847535018
	- fabric-events-interaction-v0 0.4.11+5847535018
	- fabric-events-lifecycle-v0 0.2.2+5847535018
	- fabric-game-rule-api-v1 1.0.8+5847535018
	- fabric-gametest-api-v1 1.0.2+5847535018
	- fabric-item-api-v1 1.2.5+5847535018
	- fabric-item-groups-v0 0.3.1+5847535018
	- fabric-key-binding-api-v1 1.0.5+5847535018
	- fabric-keybindings-v0 0.2.3+5847535018
	- fabric-lifecycle-events-v1 1.4.5+5847535018
	- fabric-loot-tables-v1 1.0.5+5847535018
	- fabric-mining-level-api-v1 1.0.2+6d0fac4218
	- fabric-mining-levels-v0 0.1.5+6d0fac4218
	- fabric-models-v0 0.3.1+5847535018
	- fabric-networking-api-v1 1.0.14+5847535018
	- fabric-networking-blockentity-v0 0.2.12+5847535018
	- fabric-networking-v0 0.3.3+5847535018
	- fabric-object-builder-api-v1 1.10.11+6d0fac4218
	- fabric-object-builders-v0 0.7.5+6d0fac4218
	- fabric-particles-v1 0.2.5+5847535018
	- fabric-registry-sync-v0 0.7.13+5847535018
	- fabric-renderer-api-v1 0.4.5+5847535018
	- fabric-renderer-indigo 0.4.9+5847535018
	- fabric-renderer-registries-v1 3.2.6+6d0fac4218
	- fabric-rendering-data-attachment-v1 0.1.6+5847535018
	- fabric-rendering-fluids-v1 0.2.1+6d0fac4218
	- fabric-rendering-v0 1.1.7+6d0fac4218
	- fabric-rendering-v1 1.10.1+6d0fac4218
	- fabric-resource-loader-v0 0.4.9+5847535018
	- fabric-screen-api-v1 1.0.5+5847535018
	- fabric-screen-handler-api-v1 1.1.9+5847535018
	- fabric-structure-api-v1 1.1.14+5847535018
	- fabric-tag-extensions-v0 1.2.2+5847535018
	- fabric-textures-v0 1.0.7+5847535018
	- fabric-tool-attribute-api-v1 1.3.1+eb76084f18
	- fabric-transfer-api-v1 1.5.1+6d0fac4218
	- fabricloader 0.12.12
	- java 17
	- malilib 0.10.0+dev.22
	- minecraft 1.17.1
[21:47:28] [main/WARN] (FabricLoader/Metadata) Mod `colourscroller` (alpha) does not respect SemVer - comparison support is limited.
[21:47:28] [main/INFO] (FabricLoader/Mixin) SpongePowered MIXIN Subsystem Version=0.8.4 Source=file:/C:/Users/31566/.gradle/caches/modules-2/files-2.1/net.fabricmc/sponge-mixin/0.10.7+mixin.0.8.4/7a4ca9d54d9ae564dea0363d668036a8420ed9b8/sponge-mixin-0.10.7+mixin.0.8.4.jar Service=Knot/Fabric Env=CLIENT
[21:47:29] [main/INFO] (FabricLoader/Mixin) Loaded Fabric development mappings for mixin remapper!
[21:47:29] [main/INFO] (FabricLoader/Mixin) Compatibility level set to JAVA_16
[21:47:29] [main/WARN] (FileUtil) Configuration conflict: there is more than one oshi.properties file on the classpath
[21:47:30] [main/WARN] (FileUtil) Configuration conflict: there is more than one oshi.architecture.properties file on the classpath
[21:47:34] [Render thread/INFO] (Minecraft) Environment: authHost='https://authserver.mojang.com', accountsHost='https://api.mojang.com', sessionHost='https://sessionserver.mojang.com', servicesHost='https://api.minecraftservices.com', name='PROD'
[21:47:35] [Render thread/ERROR] (Minecraft) Failed to verify authentication
com.mojang.authlib.exceptions.InvalidCredentialsException: Status: 401
	at com.mojang.authlib.exceptions.MinecraftClientHttpException.toAuthenticationException(MinecraftClientHttpException.java:56) ~[authlib-2.3.31.jar:?]
	at com.mojang.authlib.yggdrasil.YggdrasilSocialInteractionsService.checkPrivileges(YggdrasilSocialInteractionsService.java:112) ~[authlib-2.3.31.jar:?]
	at com.mojang.authlib.yggdrasil.YggdrasilSocialInteractionsService.<init>(YggdrasilSocialInteractionsService.java:42) ~[authlib-2.3.31.jar:?]
	at com.mojang.authlib.yggdrasil.YggdrasilAuthenticationService.createSocialInteractionsService(YggdrasilAuthenticationService.java:151) ~[authlib-2.3.31.jar:?]
	at net.minecraft.client.MinecraftClient.createSocialInteractionsService(MinecraftClient.java:670) [minecraft-mapped.jar:?]
	at net.minecraft.client.MinecraftClient.<init>(MinecraftClient.java:429) [minecraft-mapped.jar:?]
	at net.minecraft.client.main.Main.main(Main.java:179) [minecraft-mapped.jar:?]
	at jdk.internal.reflect.NativeMethodAccessorImpl.invoke0(Native Method) ~[?:?]
	at jdk.internal.reflect.NativeMethodAccessorImpl.invoke(NativeMethodAccessorImpl.java:77) ~[?:?]
	at jdk.internal.reflect.DelegatingMethodAccessorImpl.invoke(DelegatingMethodAccessorImpl.java:43) ~[?:?]
	at java.lang.reflect.Method.invoke(Method.java:569) ~[?:?]
	at net.fabricmc.loader.impl.game.minecraft.MinecraftGameProvider.launch(MinecraftGameProvider.java:608) [fabric-loader-0.12.12.jar:?]
	at net.fabricmc.loader.impl.launch.knot.Knot.launch(Knot.java:77) [fabric-loader-0.12.12.jar:?]
	at net.fabricmc.loader.impl.launch.knot.KnotClient.main(KnotClient.java:23) [fabric-loader-0.12.12.jar:?]
	at net.fabricmc.devlaunchinjector.Main.main(Main.java:86) [dev-launch-injector-0.2.1+build.8.jar:?]
Caused by: com.mojang.authlib.exceptions.MinecraftClientHttpException: Status: 401
	at com.mojang.authlib.minecraft.client.MinecraftClient.readInputStream(MinecraftClient.java:77) ~[authlib-2.3.31.jar:?]
	at com.mojang.authlib.minecraft.client.MinecraftClient.get(MinecraftClient.java:47) ~[authlib-2.3.31.jar:?]
	at com.mojang.authlib.yggdrasil.YggdrasilSocialInteractionsService.checkPrivileges(YggdrasilSocialInteractionsService.java:104) ~[authlib-2.3.31.jar:?]
	... 13 more
[21:47:35] [Render thread/INFO] (Minecraft) Setting user: Player340
[21:47:35] [Render thread/WARN] (FabricLoader/Mixin) @Inject(@At("INVOKE")) Shift.BY=3 on fabric-lifecycle-events-v1.mixins.json:client.WorldChunkMixin::handler$zcl000$onLoadBlockEntity exceeds the maximum allowed value: 0. Increase the value of maxShiftBy to suppress this warning.
[21:47:35] [Render thread/INFO] (Indigo) [Indigo] Registering Indigo renderer!
[21:47:36] [Render thread/INFO] (Minecraft) Backend library: LWJGL version 3.2.2 build 10
[21:47:36] [Render thread/INFO] (Minecraft) Narrator library for x64 successfully loaded
[21:47:37] [Render thread/INFO] (Minecraft) Reloading ResourceManager: Default, Fabric Mods (Fabric API Lookup API (v1), Fabric Dimensions API (v1), Fabric Rendering (v1), Fabric Events Lifecycle (v0), Fabric Models (v0), Fabric Screen API (v1), Fabric Networking API (v1), Fabric Rendering (v0), Fabric Resource Loader (v0), Fabric Screen Handler API (v1), Fabric Lifecycle Events (v1), Fabric Mining Level API (v1), Fabric API, Fabric Command API (v1), MaLiLib, Fabric Events Interaction (v0), Fabric API Base, Colour Scroller, Fabric Rendering Fluids (v1), Fabric Object Builder API (v1), Fabric Key Binding API (v1), Fabric Key Bindings (v0), Fabric Networking Block Entity (v0), Fabric Rendering Data Attachment (v1), Fabric Particles (v1), Fabric Item API (v1), Fabric Game Test API (v1), Fabric Transfer API (v1), Fabric Loot Tables (v1), Fabric Textures (v0), Fabric Biome API (v1), Fabric BlockRenderLayer Registration (v1), Fabric Renderer - Indigo, Fabric Item Groups (v0), Fabric Entity Events (v1), Fabric Loader, Fabric Renderer API (v1), Fabric Crash Report Info (v1), Fabric Mining Levels (v0), Fabric Structure API (v1), Fabric Content Registries (v0), Fabric Object Builders (v0), Fabric Containers (v0), Fabric Tool Attribute API (v1), Fabric Renderer Registries (v1), Fabric Game Rule API (v1), Fabric Registry Sync (v0), Fabric Networking (v0), Fabric Commands (v0), Fabric Tag Extensions (v0))
[21:47:37] [Realms Notification Availability checker #1/INFO] (Minecraft) Could not authorize you against Realms server: java.lang.RuntimeException: Failed to parse into SignedJWT: FabricMC
[21:47:41] [Render thread/INFO] (Minecraft) OpenAL initialized.
[21:47:41] [Render thread/INFO] (Minecraft) Sound engine started
[21:47:41] [Render thread/INFO] (Minecraft) Created: 1024x1024x2 minecraft:textures/atlas/blocks.png-atlas
[21:47:41] [Render thread/INFO] (Minecraft) Created: 256x128x2 minecraft:textures/atlas/signs.png-atlas
[21:47:41] [Render thread/INFO] (Minecraft) Created: 1024x512x2 minecraft:textures/atlas/banner_patterns.png-atlas
[21:47:41] [Render thread/INFO] (Minecraft) Created: 1024x512x2 minecraft:textures/atlas/shield_patterns.png-atlas
[21:47:41] [Render thread/INFO] (Minecraft) Created: 256x256x2 minecraft:textures/atlas/chest.png-atlas
[21:47:41] [Render thread/INFO] (Minecraft) Created: 512x256x2 minecraft:textures/atlas/beds.png-atlas
[21:47:41] [Render thread/INFO] (Minecraft) Created: 512x256x2 minecraft:textures/atlas/shulker_boxes.png-atlas
[21:47:42] [Render thread/INFO] (Minecraft) Created: 256x256x0 minecraft:textures/atlas/particles.png-atlas
[21:47:42] [Render thread/INFO] (Minecraft) Created: 256x256x0 minecraft:textures/atlas/paintings.png-atlas
[21:47:42] [Render thread/INFO] (Minecraft) Created: 256x128x0 minecraft:textures/atlas/mob_effects.png-atlas
[21:48:15] [Render thread/INFO] (Minecraft) Stopping!
